# JRE version: OpenJDK Runtime Environment (8.0_242-b01) (build 1.8.0_242-release-1644-b01)
# Java VM: OpenJDK 64-Bit Server VM (25.242-b01 mixed mode windows-amd64 compressed oops)
Heap:
 PSYoungGen      total 81920K, used 21109K [0x00000000d5580000, 0x00000000db900000, 0x0000000100000000)
  eden space 62464K, 29% used [0x00000000d5580000,0x00000000d67800d0,0x00000000d9280000)
  from space 19456K, 13% used [0x00000000d9280000,0x00000000d951d388,0x00000000da580000)
  to   space 19456K, 0% used [0x00000000da580000,0x00000000da580000,0x00000000db880000)
 ParOldGen       total 75776K, used 51992K [0x0000000080000000, 0x0000000084a00000, 0x00000000d5580000)
  object space 75776K, 68% used [0x0000000080000000,0x00000000832c6290,0x0000000084a00000)
 Metaspace       used 75363K, capacity 78324K, committed 79104K, reserved 1118208K
  class space    used 9933K, capacity 10541K, committed 10752K, reserved 1048576K
GC Heap History (10 events):
Event: 391.722 GC heap before
{Heap before GC invocations=42 (full 3):
 PSYoungGen      total 71168K, used 69089K [0x00000000d5580000, 0x00000000dae80000, 0x0000000100000000)
  eden space 55296K, 100% used [0x00000000d5580000,0x00000000d8b80000,0x00000000d8b80000)
  from space 15872K, 86% used [0x00000000d9d00000,0x00000000daa78448,0x00000000dac80000)
  to   space 17920K, 0% used [0x00000000d8b80000,0x00000000d8b80000,0x00000000d9d00000)
 ParOldGen       total 48128K, used 39353K [0x0000000080000000, 0x0000000082f00000, 0x00000000d5580000)
  object space 48128K, 81% used [0x0000000080000000,0x000000008266e5f0,0x0000000082f00000)
 Metaspace       used 75354K, capacity 78734K, committed 79104K, reserved 1118208K
  class space    used 9971K, capacity 10635K, committed 10752K, reserved 1048576K
Event: 391.746 GC heap after
Heap after GC invocations=42 (full 3):
 PSYoungGen      total 66560K, used 13193K [0x00000000d5580000, 0x00000000daf80000, 0x0000000100000000)
  eden space 53248K, 0% used [0x00000000d5580000,0x00000000d5580000,0x00000000d8980000)
  from space 13312K, 99% used [0x00000000d8b80000,0x00000000d9862668,0x00000000d9880000)
  to   space 19456K, 0% used [0x00000000d9c80000,0x00000000d9c80000,0x00000000daf80000)
 ParOldGen       total 48128K, used 39361K [0x0000000080000000, 0x0000000082f00000, 0x00000000d5580000)
  object space 48128K, 81% used [0x0000000080000000,0x00000000826705f0,0x0000000082f00000)
 Metaspace       used 75354K, capacity 78734K, committed 79104K, reserved 1118208K
  class space    used 9971K, capacity 10635K, committed 10752K, reserved 1048576K
}
Event: 392.459 GC heap before
{Heap before GC invocations=43 (full 3):
 PSYoungGen      total 66560K, used 66441K [0x00000000d5580000, 0x00000000daf80000, 0x0000000100000000)
  eden space 53248K, 100% used [0x00000000d5580000,0x00000000d8980000,0x00000000d8980000)
  from space 13312K, 99% used [0x00000000d8b80000,0x00000000d9862668,0x00000000d9880000)
  to   space 19456K, 0% used [0x00000000d9c80000,0x00000000d9c80000,0x00000000daf80000)
 ParOldGen       total 48128K, used 39361K [0x0000000080000000, 0x0000000082f00000, 0x00000000d5580000)
  object space 48128K, 81% used [0x0000000080000000,0x00000000826705f0,0x0000000082f00000)
 Metaspace       used 75513K, capacity 78872K, committed 79104K, reserved 1118208K
  class space    used 9983K, capacity 10640K, committed 10752K, reserved 1048576K
Event: 392.491 GC heap after
Heap after GC invocations=43 (full 3):
 PSYoungGen      total 72192K, used 12807K [0x00000000d5580000, 0x00000000dbb80000, 0x0000000100000000)
  eden space 52736K, 0% used [0x00000000d5580000,0x00000000d5580000,0x00000000d8900000)
  from space 19456K, 65% used [0x00000000d9c80000,0x00000000da901e58,0x00000000daf80000)
  to   space 19968K, 0% used [0x00000000d8900000,0x00000000d8900000,0x00000000d9c80000)
 ParOldGen       total 48128K, used 42669K [0x0000000080000000, 0x0000000082f00000, 0x00000000d5580000)
  object space 48128K, 88% used [0x0000000080000000,0x00000000829ab520,0x0000000082f00000)
 Metaspace       used 75513K, capacity 78872K, committed 79104K, reserved 1118208K
  class space    used 9983K, capacity 10640K, committed 10752K, reserved 1048576K
}
Event: 392.491 GC heap before
{Heap before GC invocations=44 (full 4):
 PSYoungGen      total 72192K, used 12807K [0x00000000d5580000, 0x00000000dbb80000, 0x0000000100000000)
  eden space 52736K, 0% used [0x00000000d5580000,0x00000000d5580000,0x00000000d8900000)
  from space 19456K, 65% used [0x00000000d9c80000,0x00000000da901e58,0x00000000daf80000)
  to   space 19968K, 0% used [0x00000000d8900000,0x00000000d8900000,0x00000000d9c80000)
 ParOldGen       total 48128K, used 42669K [0x0000000080000000, 0x0000000082f00000, 0x00000000d5580000)
  object space 48128K, 88% used [0x0000000080000000,0x00000000829ab520,0x0000000082f00000)
 Metaspace       used 75513K, capacity 78872K, committed 79104K, reserved 1118208K
  class space    used 9983K, capacity 10640K, committed 10752K, reserved 1048576K
Event: 393.319 GC heap after
Heap after GC invocations=44 (full 4):
 PSYoungGen      total 72192K, used 3860K [0x00000000d5580000, 0x00000000dbb80000, 0x0000000100000000)
  eden space 52736K, 0% used [0x00000000d5580000,0x00000000d5580000,0x00000000d8900000)
  from space 19456K, 19% used [0x00000000d9c80000,0x00000000da045318,0x00000000daf80000)
  to   space 19968K, 0% used [0x00000000d8900000,0x00000000d8900000,0x00000000d9c80000)
 ParOldGen       total 75776K, used 47906K [0x0000000080000000, 0x0000000084a00000, 0x00000000d5580000)
  object space 75776K, 63% used [0x0000000080000000,0x0000000082ec88c0,0x0000000084a00000)
 Metaspace       used 75319K, capacity 78324K, committed 79104K, reserved 1118208K
  class space    used 9922K, capacity 10541K, committed 10752K, reserved 1048576K
}
Event: 393.540 GC heap before
{Heap before GC invocations=45 (full 4):
 PSYoungGen      total 72192K, used 56596K [0x00000000d5580000, 0x00000000dbb80000, 0x0000000100000000)
  eden space 52736K, 100% used [0x00000000d5580000,0x00000000d8900000,0x00000000d8900000)
  from space 19456K, 19% used [0x00000000d9c80000,0x00000000da045318,0x00000000daf80000)
  to   space 19968K, 0% used [0x00000000d8900000,0x00000000d8900000,0x00000000d9c80000)
 ParOldGen       total 75776K, used 47906K [0x0000000080000000, 0x0000000084a00000, 0x00000000d5580000)
  object space 75776K, 63% used [0x0000000080000000,0x0000000082ec88c0,0x0000000084a00000)
 Metaspace       used 75334K, capacity 78324K, committed 79104K, reserved 1118208K
  class space    used 9926K, capacity 10541K, committed 10752K, reserved 1048576K
Event: 393.564 GC heap after
Heap after GC invocations=45 (full 4):
 PSYoungGen      total 72704K, used 3400K [0x00000000d5580000, 0x00000000db880000, 0x0000000100000000)
  eden space 52736K, 0% used [0x00000000d5580000,0x00000000d5580000,0x00000000d8900000)
  from space 19968K, 17% used [0x00000000d8900000,0x00000000d8c52128,0x00000000d9c80000)
  to   space 19456K, 0% used [0x00000000da580000,0x00000000da580000,0x00000000db880000)
 ParOldGen       total 75776K, used 49670K [0x0000000080000000, 0x0000000084a00000, 0x00000000d5580000)
  object space 75776K, 65% used [0x0000000080000000,0x0000000083081990,0x0000000084a00000)
 Metaspace       used 75334K, capacity 78324K, committed 79104K, reserved 1118208K
  class space    used 9926K, capacity 10541K, committed 10752K, reserved 1048576K
}
Event: 393.805 GC heap before
{Heap before GC invocations=46 (full 4):
 PSYoungGen      total 72704K, used 56136K [0x00000000d5580000, 0x00000000db880000, 0x0000000100000000)
  eden space 52736K, 100% used [0x00000000d5580000,0x00000000d8900000,0x00000000d8900000)
  from space 19968K, 17% used [0x00000000d8900000,0x00000000d8c52128,0x00000000d9c80000)
  to   space 19456K, 0% used [0x00000000da580000,0x00000000da580000,0x00000000db880000)
 ParOldGen       total 75776K, used 49670K [0x0000000080000000, 0x0000000084a00000, 0x00000000d5580000)
  object space 75776K, 65% used [0x0000000080000000,0x0000000083081990,0x0000000084a00000)
 Metaspace       used 75336K, capacity 78324K, committed 79104K, reserved 1118208K
  class space    used 9927K, capacity 10541K, committed 10752K, reserved 1048576K
Event: 393.813 GC heap after
Heap after GC invocations=46 (full 4):
 PSYoungGen      total 81920K, used 1040K [0x00000000d5580000, 0x00000000db900000, 0x0000000100000000)
  eden space 62464K, 0% used [0x00000000d5580000,0x00000000d5580000,0x00000000d9280000)
  from space 19456K, 5% used [0x00000000da580000,0x00000000da684020,0x00000000db880000)
  to   space 19456K, 0% used [0x00000000d9280000,0x00000000d9280000,0x00000000da580000)
 ParOldGen       total 75776K, used 51037K [0x0000000080000000, 0x0000000084a00000, 0x00000000d5580000)
  object space 75776K, 67% used [0x0000000080000000,0x00000000831d7780,0x0000000084a00000)
 Metaspace       used 75336K, capacity 78324K, committed 79104K, reserved 1118208K
  class space    used 9927K, capacity 10541K, committed 10752K, reserved 1048576K
}

